#
# There is insufficient memory for the Java Runtime Environment to continue.
# Native memory allocation (malloc) failed to allocate 817696 bytes for Chunk::new
# Possible reasons:
#   The system is out of physical RAM or swap space
#   The process is running with CompressedOops enabled, and the Java Heap may be blocking the growth of the native heap
# Possible solutions:
#   Reduce memory load on the system
#   Increase physical memory or swap space
#   Check if swap backing store is full
#   Decrease Java heap size (-Xmx/-Xms)
#   Decrease number of Java threads
#   Decrease Java thread stack sizes (-Xss)
#   Set larger code cache with -XX:ReservedCodeCacheSize=
#   JVM is running with Unscaled Compressed Oops mode in which the Java heap is
#     placed in the first 4GB address space. The Java Heap base address is the
#     maximum limit for the native heap growth. Please use -XX:HeapBaseMinAddress
#     to set the Java Heap base and to place the Java Heap above 4GB virtual address.
# This output file may be truncated or incomplete.
#
#  Out of Memory Error (arena.cpp:189), pid=17820, tid=13800
#
# JRE version: Java(TM) SE Runtime Environment (17.0.11+7) (build 17.0.11+7-LTS-207)
# Java VM: Java HotSpot(TM) 64-Bit Server VM (17.0.11+7-LTS-207, mixed mode, sharing, tiered, compressed oops, compressed class ptrs, g1 gc, windows-amd64)
# No core dump will be written. Minidumps are not enabled by default on client versions of Windows
#

---------------  S U M M A R Y ------------

Command Line: -javaagent:D:\IntelliJ IDEA Community Edition 2023.3.6\lib\idea_rt.jar=58580:D:\IntelliJ IDEA Community Edition 2023.3.6\bin -Dfile.encoding=UTF-8 com.example.redalback.RedalbackApplication

Host: Intel(R) Core(TM) i5-6200U CPU @ 2.30GHz, 4 cores, 7G,  Windows 10 , 64 bit Build 19041 (10.0.19041.4597)
Time: Wed Jul 24 13:36:53 2024 Maroc (heure d64 bit Build 19041 (10.0.19041.4597) elapsed time: 4.693907 seconds (0d 0h 0m 4s)

---------------  T H R E A D  ---------------

Current thread (0x000002015feab860):  JavaThread "C2 CompilerThread0" daemon [_thread_in_native, id=13800, stack(0x0000001154300000,0x0000001154400000)]


Current CompileTask:
C2:   4694 2554       4       java.lang.invoke.MethodType::makeImpl (109 bytes)

Stack: [0x0000001154300000,0x0000001154400000]
Native frames: (J=compiled Java code, j=interpreted, Vv=VM code, C=native code)
V  [jvm.dll+0x679cca]
V  [jvm.dll+0x7da13d]
V  [jvm.dll+0x7dba83]
V  [jvm.dll+0x7dc0f3]
V  [jvm.dll+0x2449af]
V  [jvm.dll+0xab83b]
V  [jvm.dll+0xabe1c]
V  [jvm.dll+0x2a9e6f]
V  [jvm.dll+0x5818d9]
V  [jvm.dll+0x21ed62]
V  [jvm.dll+0x217cf6]
V  [jvm.dll+0x215505]
V  [jvm.dll+0x1a2040]
V  [jvm.dll+0x225a2b]
V  [jvm.dll+0x223bcb]
V  [jvm.dll+0x7903ec]
V  [jvm.dll+0x78a85a]
V  [jvm.dll+0x678bb5]
C  [ucrtbase.dll+0x21bb2]
C  [KERNEL32.DLL+0x17374]
C  [ntdll.dll+0x4cc91]


---------------  P R O C E S S  ---------------

Threads class SMR info:
_java_thread_list=0x00000201a784c3f0, length=15, elements={
0x00000201406b3710, 0x000002015fe938a0, 0x000002015fe94ec0, 0x000002015fea5700,
0x000002015fea91e0, 0x000002015feaa1b0, 0x000002015feaab70, 0x000002015feab860,
0x000002015fead420, 0x000002015feb0df0, 0x000002015fe7b410, 0x00000201a52b0ff0,
0x00000201a533ce40, 0x00000201a5bb1b10, 0x00000201a5ba2840
}

Java Threads: ( => current thread )
  0x00000201406b3710 JavaThread "main" [_thread_blocked, id=10448, stack(0x0000001153600000,0x0000001153700000)]
  0x000002015fe938a0 JavaThread "Reference Handler" daemon [_thread_blocked, id=2716, stack(0x0000001153d00000,0x0000001153e00000)]
  0x000002015fe94ec0 JavaThread "Finalizer" daemon [_thread_blocked, id=17488, stack(0x0000001153e00000,0x0000001153f00000)]
  0x000002015fea5700 JavaThread "Signal Dispatcher" daemon [_thread_blocked, id=3048, stack(0x0000001153f00000,0x0000001154000000)]
  0x000002015fea91e0 JavaThread "Attach Listener" daemon [_thread_blocked, id=5620, stack(0x0000001154000000,0x0000001154100000)]
  0x000002015feaa1b0 JavaThread "Service Thread" daemon [_thread_blocked, id=10508, stack(0x0000001154100000,0x0000001154200000)]
  0x000002015feaab70 JavaThread "Monitor Deflation Thread" daemon [_thread_blocked, id=13668, stack(0x0000001154200000,0x0000001154300000)]
=>0x000002015feab860 JavaThread "C2 CompilerThread0" daemon [_thread_in_native, id=13800, stack(0x0000001154300000,0x0000001154400000)]
  0x000002015fead420 JavaThread "C1 CompilerThread0" daemon [_thread_blocked, id=17036, stack(0x0000001154400000,0x0000001154500000)]
  0x000002015feb0df0 JavaThread "Sweeper thread" daemon [_thread_blocked, id=12152, stack(0x0000001154500000,0x0000001154600000)]
  0x000002015fe7b410 JavaThread "Common-Cleaner" daemon [_thread_blocked, id=17180, stack(0x0000001154600000,0x0000001154700000)]
  0x00000201a52b0ff0 JavaThread "Monitor Ctrl-Break" daemon [_thread_in_native, id=6012, stack(0x0000001154800000,0x0000001154900000)]
  0x00000201a533ce40 JavaThread "Notification Thread" daemon [_thread_blocked, id=16524, stack(0x0000001154900000,0x0000001154a00000)]
  0x00000201a5bb1b10 JavaThread "Thread-0" [_thread_blocked, id=5284, stack(0x0000001154700000,0x0000001154800000)]
  0x00000201a5ba2840 JavaThread "restartedMain" [_thread_in_vm, id=1348, stack(0x0000001154f00000,0x0000001155000000)]

Other Threads:
  0x000002015fe8ec40 VMThread "VM Thread" [stack: 0x0000001153c00000,0x0000001153d00000] [id=9236]
  0x00000201a55d0a30 WatcherThread [stack: 0x0000001154a00000,0x0000001154b00000] [id=13516]
  0x000002014070c0e0 GCTaskThread "GC Thread#0" [stack: 0x0000001153700000,0x0000001153800000] [id=16736]
  0x00000201a597e7c0 GCTaskThread "GC Thread#1" [stack: 0x0000001154b00000,0x0000001154c00000] [id=18248]
  0x00000201a590bd10 GCTaskThread "GC Thread#2" [stack: 0x0000001154c00000,0x0000001154d00000] [id=15708]
  0x00000201a575b3c0 GCTaskThread "GC Thread#3" [stack: 0x0000001154d00000,0x0000001154e00000] [id=3984]
  0x000002014071ccb0 ConcurrentGCThread "G1 Main Marker" [stack: 0x0000001153800000,0x0000001153900000] [id=17972]
  0x000002014071d6c0 ConcurrentGCThread "G1 Conc#0" [stack: 0x0000001153900000,0x0000001153a00000] [id=16484]
  0x0000020140775680 ConcurrentGCThread "G1 Refine#0" [stack: 0x0000001153a00000,0x0000001153b00000] [id=16464]
  0x00000201a590bfd0 ConcurrentGCThread "G1 Refine#1" [stack: 0x0000001154e00000,0x0000001154f00000] [id=16576]
  0x000002015fd50200 ConcurrentGCThread "G1 Service" [stack: 0x0000001153b00000,0x0000001153c00000] [id=10608]

Threads with active compile tasks:
C2 CompilerThread0     4773 2554       4       java.lang.invoke.MethodType::makeImpl (109 bytes)
C1 CompilerThread0     4773 2679   !   3       org.springframework.boot.autoconfigure.condition.ConditionEvaluationReport::get (68 bytes)

VM state: not at safepoint (normal execution)

VM Mutex/Monitor currently owned by a thread: None

Heap address: 0x0000000081c00000, size: 2020 MB, Compressed Oops mode: 32-bit

CDS archive(s) mapped at: [0x0000020160000000-0x0000020160bd0000-0x0000020160bd0000), size 12386304, SharedBaseAddress: 0x0000020160000000, ArchiveRelocationMode: 1.
Compressed class space mapped at: 0x0000020161000000-0x00000201a1000000, reserved size: 1073741824
Narrow klass base: 0x0000020160000000, Narrow klass shift: 0, Narrow klass range: 0x100000000

GC Precious Log:
 CPUs: 4 total, 4 available
 Memory: 8072M
 Large Page Support: Disabled
 NUMA Support: Disabled
 Compressed Oops: Enabled (32-bit)
 Heap Region Size: 1M
 Heap Min Capacity: 8M
 Heap Initial Capacity: 128M
 Heap Max Capacity: 2020M
 Pre-touch: Disabled
 Parallel Workers: 4
 Concurrent Workers: 1
 Concurrent Refinement Workers: 4
 Periodic GC: Disabled

Heap:
 garbage-first heap   total 131072K, used 44818K [0x0000000081c00000, 0x0000000100000000)
  region size 1024K, 40 young (40960K), 3 survivors (3072K)
 Metaspace       used 18845K, committed 19136K, reserved 1114112K
  class space    used 2293K, committed 2432K, reserved 1048576K

Heap Regions: E=young(eden), S=young(survivor), O=old, HS=humongous(starts), HC=humongous(continues), CS=collection set, F=free, OA=open archive, CA=closed archive, TAMS=top-at-mark-start (previous, next)
|   0|0x0000000081c00000, 0x0000000081d00000, 0x0000000081d00000|100%|HS|  |TAMS 0x0000000081c00000, 0x0000000081c00000| Complete 
|   1|0x0000000081d00000, 0x0000000081e00000, 0x0000000081e00000|100%| O|  |TAMS 0x0000000081d00000, 0x0000000081d00000| Untracked 
|   2|0x0000000081e00000, 0x0000000081f00000, 0x0000000081f00000|100%| O|  |TAMS 0x0000000081e00000, 0x0000000081e00000| Untracked 
|   3|0x0000000081f00000, 0x0000000082000000, 0x0000000082000000|100%| O|  |TAMS 0x0000000081f00000, 0x0000000081f00000| Untracked 
|   4|0x0000000082000000, 0x0000000082100000, 0x0000000082100000|100%| O|  |TAMS 0x0000000082000000, 0x0000000082000000| Untracked 
|   5|0x0000000082100000, 0x0000000082200000, 0x0000000082200000|100%| O|  |TAMS 0x0000000082100000, 0x0000000082100000| Untracked 
|   6|0x0000000082200000, 0x000000008227fe00, 0x0000000082300000| 49%| O|  |TAMS 0x0000000082200000, 0x0000000082200000| Untracked 
|   7|0x0000000082300000, 0x0000000082300000, 0x0000000082400000|  0%| F|  |TAMS 0x0000000082300000, 0x0000000082300000| Untracked 
|   8|0x0000000082400000, 0x0000000082400000, 0x0000000082500000|  0%| F|  |TAMS 0x0000000082400000, 0x0000000082400000| Untracked 
|   9|0x0000000082500000, 0x0000000082500000, 0x0000000082600000|  0%| F|  |TAMS 0x0000000082500000, 0x0000000082500000| Untracked 
|  10|0x0000000082600000, 0x0000000082600000, 0x0000000082700000|  0%| F|  |TAMS 0x0000000082600000, 0x0000000082600000| Untracked 
|  11|0x0000000082700000, 0x0000000082700000, 0x0000000082800000|  0%| F|  |TAMS 0x0000000082700000, 0x0000000082700000| Untracked 
|  12|0x0000000082800000, 0x0000000082800000, 0x0000000082900000|  0%| F|  |TAMS 0x0000000082800000, 0x0000000082800000| Untracked 
|  13|0x0000000082900000, 0x0000000082900000, 0x0000000082a00000|  0%| F|  |TAMS 0x0000000082900000, 0x0000000082900000| Untracked 
|  14|0x0000000082a00000, 0x0000000082a00000, 0x0000000082b00000|  0%| F|  |TAMS 0x0000000082a00000, 0x0000000082a00000| Untracked 
|  15|0x0000000082b00000, 0x0000000082b00000, 0x0000000082c00000|  0%| F|  |TAMS 0x0000000082b00000, 0x0000000082b00000| Untracked 
|  16|0x0000000082c00000, 0x0000000082c00000, 0x0000000082d00000|  0%| F|  |TAMS 0x0000000082c00000, 0x0000000082c00000| Untracked 
|  17|0x0000000082d00000, 0x0000000082d00000, 0x0000000082e00000|  0%| F|  |TAMS 0x0000000082d00000, 0x0000000082d00000| Untracked 
|  18|0x0000000082e00000, 0x0000000082e00000, 0x0000000082f00000|  0%| F|  |TAMS 0x0000000082e00000, 0x0000000082e00000| Untracked 
|  19|0x0000000082f00000, 0x0000000082f00000, 0x0000000083000000|  0%| F|  |TAMS 0x0000000082f00000, 0x0000000082f00000| Untracked 
|  20|0x0000000083000000, 0x0000000083000000, 0x0000000083100000|  0%| F|  |TAMS 0x0000000083000000, 0x0000000083000000| Untracked 
|  21|0x0000000083100000, 0x0000000083100000, 0x0000000083200000|  0%| F|  |TAMS 0x0000000083100000, 0x0000000083100000| Untracked 
|  22|0x0000000083200000, 0x0000000083200000, 0x0000000083300000|  0%| F|  |TAMS 0x0000000083200000, 0x0000000083200000| Untracked 
|  23|0x0000000083300000, 0x0000000083300000, 0x0000000083400000|  0%| F|  |TAMS 0x0000000083300000, 0x0000000083300000| Untracked 
|  24|0x0000000083400000, 0x0000000083400000, 0x0000000083500000|  0%| F|  |TAMS 0x0000000083400000, 0x0000000083400000| Untracked 
|  25|0x0000000083500000, 0x0000000083500000, 0x0000000083600000|  0%| F|  |TAMS 0x0000000083500000, 0x0000000083500000| Untracked 
|  26|0x0000000083600000, 0x0000000083600000, 0x0000000083700000|  0%| F|  |TAMS 0x0000000083600000, 0x0000000083600000| Untracked 
|  27|0x0000000083700000, 0x0000000083700000, 0x0000000083800000|  0%| F|  |TAMS 0x0000000083700000, 0x0000000083700000| Untracked 
|  28|0x0000000083800000, 0x0000000083800000, 0x0000000083900000|  0%| F|  |TAMS 0x0000000083800000, 0x0000000083800000| Untracked 
|  29|0x0000000083900000, 0x0000000083900000, 0x0000000083a00000|  0%| F|  |TAMS 0x0000000083900000, 0x0000000083900000| Untracked 
|  30|0x0000000083a00000, 0x0000000083a00000, 0x0000000083b00000|  0%| F|  |TAMS 0x0000000083a00000, 0x0000000083a00000| Untracked 
|  31|0x0000000083b00000, 0x0000000083b00000, 0x0000000083c00000|  0%| F|  |TAMS 0x0000000083b00000, 0x0000000083b00000| Untracked 
|  32|0x0000000083c00000, 0x0000000083c00000, 0x0000000083d00000|  0%| F|  |TAMS 0x0000000083c00000, 0x0000000083c00000| Untracked 
|  33|0x0000000083d00000, 0x0000000083d00000, 0x0000000083e00000|  0%| F|  |TAMS 0x0000000083d00000, 0x0000000083d00000| Untracked 
|  34|0x0000000083e00000, 0x0000000083e00000, 0x0000000083f00000|  0%| F|  |TAMS 0x0000000083e00000, 0x0000000083e00000| Untracked 
|  35|0x0000000083f00000, 0x0000000083f00000, 0x0000000084000000|  0%| F|  |TAMS 0x0000000083f00000, 0x0000000083f00000| Untracked 
|  36|0x0000000084000000, 0x0000000084000000, 0x0000000084100000|  0%| F|  |TAMS 0x0000000084000000, 0x0000000084000000| Untracked 
|  37|0x0000000084100000, 0x0000000084100000, 0x0000000084200000|  0%| F|  |TAMS 0x0000000084100000, 0x0000000084100000| Untracked 
|  38|0x0000000084200000, 0x0000000084200000, 0x0000000084300000|  0%| F|  |TAMS 0x0000000084200000, 0x0000000084200000| Untracked 
|  39|0x0000000084300000, 0x0000000084300000, 0x0000000084400000|  0%| F|  |TAMS 0x0000000084300000, 0x0000000084300000| Untracked 
|  40|0x0000000084400000, 0x0000000084400000, 0x0000000084500000|  0%| F|  |TAMS 0x0000000084400000, 0x0000000084400000| Untracked 
|  41|0x0000000084500000, 0x0000000084500000, 0x0000000084600000|  0%| F|  |TAMS 0x0000000084500000, 0x0000000084500000| Untracked 
|  42|0x0000000084600000, 0x0000000084600000, 0x0000000084700000|  0%| F|  |TAMS 0x0000000084600000, 0x0000000084600000| Untracked 
|  43|0x0000000084700000, 0x0000000084700000, 0x0000000084800000|  0%| F|  |TAMS 0x0000000084700000, 0x0000000084700000| Untracked 
|  44|0x0000000084800000, 0x0000000084800000, 0x0000000084900000|  0%| F|  |TAMS 0x0000000084800000, 0x0000000084800000| Untracked 
|  45|0x0000000084900000, 0x0000000084900000, 0x0000000084a00000|  0%| F|  |TAMS 0x0000000084900000, 0x0000000084900000| Untracked 
|  46|0x0000000084a00000, 0x0000000084a00000, 0x0000000084b00000|  0%| F|  |TAMS 0x0000000084a00000, 0x0000000084a00000| Untracked 
|  47|0x0000000084b00000, 0x0000000084b00000, 0x0000000084c00000|  0%| F|  |TAMS 0x0000000084b00000, 0x0000000084b00000| Untracked 
|  48|0x0000000084c00000, 0x0000000084c00000, 0x0000000084d00000|  0%| F|  |TAMS 0x0000000084c00000, 0x0000000084c00000| Untracked 
|  49|0x0000000084d00000, 0x0000000084d00000, 0x0000000084e00000|  0%| F|  |TAMS 0x0000000084d00000, 0x0000000084d00000| Untracked 
|  50|0x0000000084e00000, 0x0000000084e00000, 0x0000000084f00000|  0%| F|  |TAMS 0x0000000084e00000, 0x0000000084e00000| Untracked 
|  51|0x0000000084f00000, 0x0000000084f00000, 0x0000000085000000|  0%| F|  |TAMS 0x0000000084f00000, 0x0000000084f00000| Untracked 
|  52|0x0000000085000000, 0x0000000085000000, 0x0000000085100000|  0%| F|  |TAMS 0x0000000085000000, 0x0000000085000000| Untracked 
|  53|0x0000000085100000, 0x0000000085100000, 0x0000000085200000|  0%| F|  |TAMS 0x0000000085100000, 0x0000000085100000| Untracked 
|  54|0x0000000085200000, 0x0000000085200000, 0x0000000085300000|  0%| F|  |TAMS 0x0000000085200000, 0x0000000085200000| Untracked 
|  55|0x0000000085300000, 0x0000000085300000, 0x0000000085400000|  0%| F|  |TAMS 0x0000000085300000, 0x0000000085300000| Untracked 
|  56|0x0000000085400000, 0x0000000085400000, 0x0000000085500000|  0%| F|  |TAMS 0x0000000085400000, 0x0000000085400000| Untracked 
|  57|0x0000000085500000, 0x0000000085500000, 0x0000000085600000|  0%| F|  |TAMS 0x0000000085500000, 0x0000000085500000| Untracked 
|  58|0x0000000085600000, 0x0000000085600000, 0x0000000085700000|  0%| F|  |TAMS 0x0000000085600000, 0x0000000085600000| Untracked 
|  59|0x0000000085700000, 0x0000000085700000, 0x0000000085800000|  0%| F|  |TAMS 0x0000000085700000, 0x0000000085700000| Untracked 
|  60|0x0000000085800000, 0x0000000085800000, 0x0000000085900000|  0%| F|  |TAMS 0x0000000085800000, 0x0000000085800000| Untracked 
|  61|0x0000000085900000, 0x0000000085900000, 0x0000000085a00000|  0%| F|  |TAMS 0x0000000085900000, 0x0000000085900000| Untracked 
|  62|0x0000000085a00000, 0x0000000085a00000, 0x0000000085b00000|  0%| F|  |TAMS 0x0000000085a00000, 0x0000000085a00000| Untracked 
|  63|0x0000000085b00000, 0x0000000085b00000, 0x0000000085c00000|  0%| F|  |TAMS 0x0000000085b00000, 0x0000000085b00000| Untracked 
|  64|0x0000000085c00000, 0x0000000085c00000, 0x0000000085d00000|  0%| F|  |TAMS 0x0000000085c00000, 0x0000000085c00000| Untracked 
|  65|0x0000000085d00000, 0x0000000085d00000, 0x0000000085e00000|  0%| F|  |TAMS 0x0000000085d00000, 0x0000000085d00000| Untracked 
|  66|0x0000000085e00000, 0x0000000085e00000, 0x0000000085f00000|  0%| F|  |TAMS 0x0000000085e00000, 0x0000000085e00000| Untracked 
|  67|0x0000000085f00000, 0x0000000085f00000, 0x0000000086000000|  0%| F|  |TAMS 0x0000000085f00000, 0x0000000085f00000| Untracked 
|  68|0x0000000086000000, 0x0000000086000000, 0x0000000086100000|  0%| F|  |TAMS 0x0000000086000000, 0x0000000086000000| Untracked 
|  69|0x0000000086100000, 0x0000000086100000, 0x0000000086200000|  0%| F|  |TAMS 0x0000000086100000, 0x0000000086100000| Untracked 
|  70|0x0000000086200000, 0x0000000086200000, 0x0000000086300000|  0%| F|  |TAMS 0x0000000086200000, 0x0000000086200000| Untracked 
|  71|0x0000000086300000, 0x0000000086300000, 0x0000000086400000|  0%| F|  |TAMS 0x0000000086300000, 0x0000000086300000| Untracked 
|  72|0x0000000086400000, 0x0000000086400000, 0x0000000086500000|  0%| F|  |TAMS 0x0000000086400000, 0x0000000086400000| Untracked 
|  73|0x0000000086500000, 0x0000000086500000, 0x0000000086600000|  0%| F|  |TAMS 0x0000000086500000, 0x0000000086500000| Untracked 
|  74|0x0000000086600000, 0x0000000086600000, 0x0000000086700000|  0%| F|  |TAMS 0x0000000086600000, 0x0000000086600000| Untracked 
|  75|0x0000000086700000, 0x0000000086700000, 0x0000000086800000|  0%| F|  |TAMS 0x0000000086700000, 0x0000000086700000| Untracked 
|  76|0x0000000086800000, 0x0000000086800000, 0x0000000086900000|  0%| F|  |TAMS 0x0000000086800000, 0x0000000086800000| Untracked 
|  77|0x0000000086900000, 0x0000000086900000, 0x0000000086a00000|  0%| F|  |TAMS 0x0000000086900000, 0x0000000086900000| Untracked 
|  78|0x0000000086a00000, 0x0000000086a00000, 0x0000000086b00000|  0%| F|  |TAMS 0x0000000086a00000, 0x0000000086a00000| Untracked 
|  79|0x0000000086b00000, 0x0000000086b00000, 0x0000000086c00000|  0%| F|  |TAMS 0x0000000086b00000, 0x0000000086b00000| Untracked 
|  80|0x0000000086c00000, 0x0000000086c00000, 0x0000000086d00000|  0%| F|  |TAMS 0x0000000086c00000, 0x0000000086c00000| Untracked 
|  81|0x0000000086d00000, 0x0000000086d00000, 0x0000000086e00000|  0%| F|  |TAMS 0x0000000086d00000, 0x0000000086d00000| Untracked 
|  82|0x0000000086e00000, 0x0000000086e00000, 0x0000000086f00000|  0%| F|  |TAMS 0x0000000086e00000, 0x0000000086e00000| Untracked 
|  83|0x0000000086f00000, 0x0000000086f00000, 0x0000000087000000|  0%| F|  |TAMS 0x0000000086f00000, 0x0000000086f00000| Untracked 
|  84|0x0000000087000000, 0x0000000087000000, 0x0000000087100000|  0%| F|  |TAMS 0x0000000087000000, 0x0000000087000000| Untracked 
|  85|0x0000000087100000, 0x0000000087100000, 0x0000000087200000|  0%| F|  |TAMS 0x0000000087100000, 0x0000000087100000| Untracked 
|  86|0x0000000087200000, 0x0000000087200000, 0x0000000087300000|  0%| F|  |TAMS 0x0000000087200000, 0x0000000087200000| Untracked 
|  87|0x0000000087300000, 0x0000000087300000, 0x0000000087400000|  0%| F|  |TAMS 0x0000000087300000, 0x0000000087300000| Untracked 
|  88|0x0000000087400000, 0x0000000087500000, 0x0000000087500000|100%| E|  |TAMS 0x0000000087400000, 0x0000000087400000| Complete 
|  89|0x0000000087500000, 0x0000000087600000, 0x0000000087600000|100%| E|CS|TAMS 0x0000000087500000, 0x0000000087500000| Complete 
|  90|0x0000000087600000, 0x0000000087700000, 0x0000000087700000|100%| E|CS|TAMS 0x0000000087600000, 0x0000000087600000| Complete 
|  91|0x0000000087700000, 0x0000000087800000, 0x0000000087800000|100%| E|CS|TAMS 0x0000000087700000, 0x0000000087700000| Complete 
|  92|0x0000000087800000, 0x0000000087900000, 0x0000000087900000|100%| E|CS|TAMS 0x0000000087800000, 0x0000000087800000| Complete 
|  93|0x0000000087900000, 0x0000000087a00000, 0x0000000087a00000|100%| E|CS|TAMS 0x0000000087900000, 0x0000000087900000| Complete 
|  94|0x0000000087a00000, 0x0000000087b00000, 0x0000000087b00000|100%| E|CS|TAMS 0x0000000087a00000, 0x0000000087a00000| Complete 
|  95|0x0000000087b00000, 0x0000000087c00000, 0x0000000087c00000|100%| E|CS|TAMS 0x0000000087b00000, 0x0000000087b00000| Complete 
|  96|0x0000000087c00000, 0x0000000087d00000, 0x0000000087d00000|100%| E|CS|TAMS 0x0000000087c00000, 0x0000000087c00000| Complete 
|  97|0x0000000087d00000, 0x0000000087e00000, 0x0000000087e00000|100%| E|CS|TAMS 0x0000000087d00000, 0x0000000087d00000| Complete 
|  98|0x0000000087e00000, 0x0000000087f00000, 0x0000000087f00000|100%| E|CS|TAMS 0x0000000087e00000, 0x0000000087e00000| Complete 
|  99|0x0000000087f00000, 0x0000000088000000, 0x0000000088000000|100%| E|CS|TAMS 0x0000000087f00000, 0x0000000087f00000| Complete 
| 100|0x0000000088000000, 0x0000000088044cf0, 0x0000000088100000| 26%| S|CS|TAMS 0x0000000088000000, 0x0000000088000000| Complete 
| 101|0x0000000088100000, 0x0000000088200000, 0x0000000088200000|100%| S|CS|TAMS 0x0000000088100000, 0x0000000088100000| Complete 
| 102|0x0000000088200000, 0x0000000088300000, 0x0000000088300000|100%| S|CS|TAMS 0x0000000088200000, 0x0000000088200000| Complete 
| 103|0x0000000088300000, 0x0000000088400000, 0x0000000088400000|100%| E|CS|TAMS 0x0000000088300000, 0x0000000088300000| Complete 
| 104|0x0000000088400000, 0x0000000088500000, 0x0000000088500000|100%| E|  |TAMS 0x0000000088400000, 0x0000000088400000| Complete 
| 105|0x0000000088500000, 0x0000000088600000, 0x0000000088600000|100%| E|CS|TAMS 0x0000000088500000, 0x0000000088500000| Complete 
| 106|0x0000000088600000, 0x0000000088700000, 0x0000000088700000|100%| E|CS|TAMS 0x0000000088600000, 0x0000000088600000| Complete 
| 107|0x0000000088700000, 0x0000000088800000, 0x0000000088800000|100%| E|CS|TAMS 0x0000000088700000, 0x0000000088700000| Complete 
| 108|0x0000000088800000, 0x0000000088900000, 0x0000000088900000|100%| E|CS|TAMS 0x0000000088800000, 0x0000000088800000| Complete 
| 109|0x0000000088900000, 0x0000000088a00000, 0x0000000088a00000|100%| E|CS|TAMS 0x0000000088900000, 0x0000000088900000| Complete 
| 110|0x0000000088a00000, 0x0000000088b00000, 0x0000000088b00000|100%| E|CS|TAMS 0x0000000088a00000, 0x0000000088a00000| Complete 
| 111|0x0000000088b00000, 0x0000000088c00000, 0x0000000088c00000|100%| E|CS|TAMS 0x0000000088b00000, 0x0000000088b00000| Complete 
| 112|0x0000000088c00000, 0x0000000088d00000, 0x0000000088d00000|100%| E|CS|TAMS 0x0000000088c00000, 0x0000000088c00000| Complete 
| 113|0x0000000088d00000, 0x0000000088e00000, 0x0000000088e00000|100%| E|CS|TAMS 0x0000000088d00000, 0x0000000088d00000| Complete 
| 114|0x0000000088e00000, 0x0000000088f00000, 0x0000000088f00000|100%| E|CS|TAMS 0x0000000088e00000, 0x0000000088e00000| Complete 
| 115|0x0000000088f00000, 0x0000000089000000, 0x0000000089000000|100%| E|CS|TAMS 0x0000000088f00000, 0x0000000088f00000| Complete 
| 116|0x0000000089000000, 0x0000000089100000, 0x0000000089100000|100%| E|CS|TAMS 0x0000000089000000, 0x0000000089000000| Complete 
| 117|0x0000000089100000, 0x0000000089200000, 0x0000000089200000|100%| E|CS|TAMS 0x0000000089100000, 0x0000000089100000| Complete 
| 118|0x0000000089200000, 0x0000000089300000, 0x0000000089300000|100%| E|CS|TAMS 0x0000000089200000, 0x0000000089200000| Complete 
| 119|0x0000000089300000, 0x0000000089400000, 0x0000000089400000|100%| E|CS|TAMS 0x0000000089300000, 0x0000000089300000| Complete 
| 120|0x0000000089400000, 0x0000000089500000, 0x0000000089500000|100%| E|CS|TAMS 0x0000000089400000, 0x0000000089400000| Complete 
| 121|0x0000000089500000, 0x0000000089600000, 0x0000000089600000|100%| E|CS|TAMS 0x0000000089500000, 0x0000000089500000| Complete 
| 122|0x0000000089600000, 0x0000000089700000, 0x0000000089700000|100%| E|CS|TAMS 0x0000000089600000, 0x0000000089600000| Complete 
| 123|0x0000000089700000, 0x0000000089800000, 0x0000000089800000|100%| E|CS|TAMS 0x0000000089700000, 0x0000000089700000| Complete 
| 124|0x0000000089800000, 0x0000000089900000, 0x0000000089900000|100%| E|CS|TAMS 0x0000000089800000, 0x0000000089800000| Complete 
| 125|0x0000000089900000, 0x0000000089a00000, 0x0000000089a00000|100%| E|CS|TAMS 0x0000000089900000, 0x0000000089900000| Complete 
| 126|0x0000000089a00000, 0x0000000089b00000, 0x0000000089b00000|100%| E|CS|TAMS 0x0000000089a00000, 0x0000000089a00000| Complete 
| 127|0x0000000089b00000, 0x0000000089c00000, 0x0000000089c00000|100%| E|CS|TAMS 0x0000000089b00000, 0x0000000089b00000| Complete 

Card table byte_map: [0x0000020159180000,0x0000020159580000] _byte_map_base: 0x0000020158d72000

Marking Bits (Prev, Next): (CMBitMap*) 0x000002014070c700, (CMBitMap*) 0x000002014070c740
 Prev Bits: [0x0000020159980000, 0x000002015b910000)
 Next Bits: [0x000002015b910000, 0x000002015d8a0000)

Polling page: 0x0000020149720000

Metaspace:

Usage:
  Non-class:     16.17 MB used.
      Class:      2.24 MB used.
       Both:     18.41 MB used.

Virtual space:
  Non-class space:       64.00 MB reserved,      16.31 MB ( 25%) committed,  1 nodes.
      Class space:        1.00 GB reserved,       2.38 MB ( <1%) committed,  1 nodes.
             Both:        1.06 GB reserved,      18.69 MB (  2%) committed. 

Chunk freelists:
   Non-Class:  15.66 MB
       Class:  13.44 MB
        Both:  29.10 MB

MaxMetaspaceSize: unlimited
CompressedClassSpaceSize: 1.00 GB
Initial GC threshold: 21.00 MB
Current GC threshold: 21.00 MB
CDS: on
MetaspaceReclaimPolicy: balanced
 - commit_granule_bytes: 65536.
 - commit_granule_words: 8192.
 - virtual_space_node_default_size: 8388608.
 - enlarge_chunks_in_place: 1.
 - new_chunks_are_fully_committed: 0.
 - uncommit_free_chunks: 1.
 - use_allocation_guard: 0.
 - handle_deallocations: 1.


Internal statistics:

num_allocs_failed_limit: 0.
num_arena_births: 230.
num_arena_deaths: 0.
num_vsnodes_births: 2.
num_vsnodes_deaths: 0.
num_space_committed: 299.
num_space_uncommitted: 0.
num_chunks_returned_to_freelist: 0.
num_chunks_taken_from_freelist: 856.
num_chunk_merges: 0.
num_chunk_splits: 579.
num_chunks_enlarged: 452.
num_inconsistent_stats: 0.

CodeHeap 'non-profiled nmethods': size=120000Kb used=1087Kb max_used=1087Kb free=118913Kb
 bounds [0x0000020151210000, 0x0000020151480000, 0x0000020158740000]
CodeHeap 'profiled nmethods': size=120000Kb used=5573Kb max_used=5573Kb free=114426Kb
 bounds [0x0000020149740000, 0x0000020149cc0000, 0x0000020150c70000]
CodeHeap 'non-nmethods': size=5760Kb used=1206Kb max_used=1260Kb free=4553Kb
 bounds [0x0000020150c70000, 0x0000020150ee0000, 0x0000020151210000]
 total_blobs=3184 nmethods=2679 adapters=417
 compilation: enabled
              stopped_count=0, restarted_count=0
 full_count=0

Compilation events (20 events):
Event: 4.666 Thread 0x000002015fead420 nmethod 2627 0x000002015131f610 code [0x000002015131f7a0, 0x000002015131f878]
Event: 4.667 Thread 0x000002015fead420 2628   !   3       sun.net.www.protocol.jar.JarURLConnection::connect (196 bytes)
Event: 4.670 Thread 0x000002015fead420 nmethod 2628 0x0000020149c85190 code [0x0000020149c854c0, 0x0000020149c86708]
Event: 4.670 Thread 0x000002015fead420 2629       3       org.springframework.core.io.ClassPathResource::<init> (61 bytes)
Event: 4.672 Thread 0x000002015fead420 nmethod 2629 0x0000020149c86c10 code [0x0000020149c86e60, 0x0000020149c87688]
Event: 4.673 Thread 0x000002015fead420 2630       1       java.util.zip.ZipFile$ZipFileInputStream::size (5 bytes)
Event: 4.673 Thread 0x000002015fead420 nmethod 2630 0x000002015131f910 code [0x000002015131faa0, 0x000002015131fb78]
Event: 4.676 Thread 0x000002015fead420 2631       3       org.springframework.core.annotation.MergedAnnotationsCollection::<init> (115 bytes)
Event: 4.678 Thread 0x000002015fead420 nmethod 2631 0x0000020149c87990 code [0x0000020149c87cc0, 0x0000020149c894d8]
Event: 4.678 Thread 0x000002015fead420 2632       3       org.springframework.core.annotation.MergedAnnotations::from (9 bytes)
Event: 4.679 Thread 0x000002015fead420 nmethod 2632 0x0000020149c89c10 code [0x0000020149c89dc0, 0x0000020149c89fa8]
Event: 4.680 Thread 0x000002015fead420 2633       3       org.springframework.boot.env.SystemEnvironmentPropertySourceEnvironmentPostProcessor$OriginAwareSystemEnvironmentPropertySource::getProperty (6 bytes)
Event: 4.680 Thread 0x000002015fead420 nmethod 2633 0x0000020149c8a090 code [0x0000020149c8a220, 0x0000020149c8a368]
Event: 4.680 Thread 0x000002015fead420 2634       3       org.springframework.core.env.SystemEnvironmentPropertySource::resolvePropertyName (45 bytes)
Event: 4.682 Thread 0x000002015fead420 nmethod 2634 0x0000020149c8a410 code [0x0000020149c8a640, 0x0000020149c8ad58]
Event: 4.686 Thread 0x000002015fead420 2636       3       org.springframework.core.annotation.MergedAnnotationsCollection::find (174 bytes)
Event: 4.688 Thread 0x000002015fead420 nmethod 2636 0x0000020149c8b010 code [0x0000020149c8b2c0, 0x0000020149c8c1d8]
Event: 4.688 Thread 0x000002015fead420 2635       3       org.springframework.core.annotation.MergedAnnotationsCollection::get (23 bytes)
Event: 4.688 Thread 0x000002015fead420 nmethod 2635 0x0000020149c8c790 code [0x0000020149c8c940, 0x0000020149c8cba8]
Event: 4.689 Thread 0x000002015fead420 2637       3       org.springframework.core.annotation.MergedAnnotationsCollection::isPresent (136 bytes)

GC Heap History (6 events):
Event: 1.155 GC heap before
{Heap before GC invocations=0 (full 0):
 garbage-first heap   total 131072K, used 13312K [0x0000000081c00000, 0x0000000100000000)
  region size 1024K, 13 young (13312K), 0 survivors (0K)
 Metaspace       used 3385K, committed 3520K, reserved 1114112K
  class space    used 328K, committed 384K, reserved 1048576K
}
Event: 1.168 GC heap after
{Heap after GC invocations=1 (full 0):
 garbage-first heap   total 131072K, used 6707K [0x0000000081c00000, 0x0000000100000000)
  region size 1024K, 2 young (2048K), 2 survivors (2048K)
 Metaspace       used 3385K, committed 3520K, reserved 1114112K
  class space    used 328K, committed 384K, reserved 1048576K
}
Event: 1.655 GC heap before
{Heap before GC invocations=1 (full 0):
 garbage-first heap   total 131072K, used 14899K [0x0000000081c00000, 0x0000000100000000)
  region size 1024K, 11 young (11264K), 2 survivors (2048K)
 Metaspace       used 5395K, committed 5632K, reserved 1114112K
  class space    used 593K, committed 704K, reserved 1048576K
}
Event: 1.659 GC heap after
{Heap after GC invocations=2 (full 0):
 garbage-first heap   total 131072K, used 7123K [0x0000000081c00000, 0x0000000100000000)
  region size 1024K, 1 young (1024K), 1 survivors (1024K)
 Metaspace       used 5395K, committed 5632K, reserved 1114112K
  class space    used 593K, committed 704K, reserved 1048576K
}
Event: 2.834 GC heap before
{Heap before GC invocations=2 (full 0):
 garbage-first heap   total 131072K, used 30675K [0x0000000081c00000, 0x0000000100000000)
  region size 1024K, 25 young (25600K), 1 survivors (1024K)
 Metaspace       used 11880K, committed 12096K, reserved 1114112K
  class space    used 1425K, committed 1536K, reserved 1048576K
}
Event: 2.840 GC heap after
{Heap after GC invocations=3 (full 0):
 garbage-first heap   total 131072K, used 8978K [0x0000000081c00000, 0x0000000100000000)
  region size 1024K, 3 young (3072K), 3 survivors (3072K)
 Metaspace       used 11880K, committed 12096K, reserved 1114112K
  class space    used 1425K, committed 1536K, reserved 1048576K
}

Deoptimization events (20 events):
Event: 4.013 Thread 0x00000201a5ba2840 DEOPT PACKING pc=0x000002014988d2e6 sp=0x0000001154ffdec0
Event: 4.014 Thread 0x00000201a5ba2840 DEOPT UNPACKING pc=0x0000020150cc2b43 sp=0x0000001154ffd388 mode 0
Event: 4.014 Thread 0x00000201a5ba2840 DEOPT PACKING pc=0x000002014988d2e6 sp=0x0000001154ffdec0
Event: 4.014 Thread 0x00000201a5ba2840 DEOPT UNPACKING pc=0x0000020150cc2b43 sp=0x0000001154ffd388 mode 0
Event: 4.014 Thread 0x00000201a5ba2840 DEOPT PACKING pc=0x000002014988d2e6 sp=0x0000001154ffdec0
Event: 4.014 Thread 0x00000201a5ba2840 DEOPT UNPACKING pc=0x0000020150cc2b43 sp=0x0000001154ffd388 mode 0
Event: 4.015 Thread 0x00000201a5ba2840 DEOPT PACKING pc=0x000002014988d2e6 sp=0x0000001154ffdec0
Event: 4.015 Thread 0x00000201a5ba2840 DEOPT UNPACKING pc=0x0000020150cc2b43 sp=0x0000001154ffd388 mode 0
Event: 4.015 Thread 0x00000201a5ba2840 DEOPT PACKING pc=0x000002014988d2e6 sp=0x0000001154ffdec0
Event: 4.016 Thread 0x00000201a5ba2840 DEOPT UNPACKING pc=0x0000020150cc2b43 sp=0x0000001154ffd388 mode 0
Event: 4.016 Thread 0x00000201a5ba2840 DEOPT PACKING pc=0x000002014988d2e6 sp=0x0000001154ffdec0
Event: 4.016 Thread 0x00000201a5ba2840 DEOPT UNPACKING pc=0x0000020150cc2b43 sp=0x0000001154ffd388 mode 0
Event: 4.240 Thread 0x00000201a5ba2840 Uncommon trap: trap_request=0xffffffde fr.pc=0x00000201512bc810 relative=0x0000000000001a10
Event: 4.240 Thread 0x00000201a5ba2840 Uncommon trap: reason=class_check action=maybe_recompile pc=0x00000201512bc810 method=java.util.HashMap.putVal(ILjava/lang/Object;Ljava/lang/Object;ZZ)Ljava/lang/Object; @ 203 c2
Event: 4.240 Thread 0x00000201a5ba2840 DEOPT PACKING pc=0x00000201512bc810 sp=0x0000001154ffdd60
Event: 4.240 Thread 0x00000201a5ba2840 DEOPT UNPACKING pc=0x0000020150cc23a3 sp=0x0000001154ffdc28 mode 2
Event: 4.619 Thread 0x00000201a5ba2840 Uncommon trap: trap_request=0xffffff45 fr.pc=0x0000020151312760 relative=0x0000000000001460
Event: 4.619 Thread 0x00000201a5ba2840 Uncommon trap: reason=unstable_if action=reinterpret pc=0x0000020151312760 method=jdk.internal.jimage.ImageLocation.verifyName(Ljava/lang/String;Ljava/lang/String;IIIIIILjdk/internal/jimage/ImageStrings;)Z @ 2 c2
Event: 4.619 Thread 0x00000201a5ba2840 DEOPT PACKING pc=0x0000020151312760 sp=0x0000001154ffce90
Event: 4.619 Thread 0x00000201a5ba2840 DEOPT UNPACKING pc=0x0000020150cc23a3 sp=0x0000001154ffcd68 mode 2

Classes unloaded (0 events):
No events

Classes redefined (0 events):
No events

Internal exceptions (20 events):
Event: 2.354 Thread 0x00000201a5ba2840 Exception <a 'java/lang/NoSuchMethodError'{0x00000000890dfde0}: 'void java.lang.invoke.DirectMethodHandle$Holder.invokeStaticInit(java.lang.Object, java.lang.Object, java.lang.Object)'> (0x00000000890dfde0) 
thrown [s\open\src\hotspot\share\interpreter\linkResolver.cpp, line 759]
Event: 2.368 Thread 0x00000201a5ba2840 Exception <a 'java/lang/NoSuchMethodError'{0x0000000088f29230}: 'java.lang.Object java.lang.invoke.DirectMethodHandle$Holder.invokeVirtual(java.lang.Object, java.lang.Object, java.lang.Object)'> (0x0000000088f29230) 
thrown [s\open\src\hotspot\share\interpreter\linkResolver.cpp, line 759]
Event: 2.377 Thread 0x00000201a5ba2840 Exception <a 'java/lang/NoSuchMethodError'{0x0000000088f4aca0}: 'java.lang.Object java.lang.invoke.DirectMethodHandle$Holder.invokeStatic(java.lang.Object, java.lang.Object, long, java.lang.Object)'> (0x0000000088f4aca0) 
thrown [s\open\src\hotspot\share\interpreter\linkResolver.cpp, line 759]
Event: 2.378 Thread 0x00000201a5ba2840 Exception <a 'java/lang/NoSuchMethodError'{0x0000000088f4e738}: 'java.lang.Object java.lang.invoke.DirectMethodHandle$Holder.invokeStaticInit(java.lang.Object, java.lang.Object, long, java.lang.Object)'> (0x0000000088f4e738) 
thrown [s\open\src\hotspot\share\interpreter\linkResolver.cpp, line 759]
Event: 2.379 Thread 0x00000201a5ba2840 Exception <a 'java/lang/NoSuchMethodError'{0x0000000088f550a0}: 'java.lang.Object java.lang.invoke.DirectMethodHandle$Holder.newInvokeSpecial(java.lang.Object, java.lang.Object, long)'> (0x0000000088f550a0) 
thrown [s\open\src\hotspot\share\interpreter\linkResolver.cpp, line 759]
Event: 2.380 Thread 0x00000201a5ba2840 Exception <a 'java/lang/NoSuchMethodError'{0x0000000088f58c10}: 'java.lang.Object java.lang.invoke.Invokers$Holder.linkToTargetMethod(java.lang.Object, long, java.lang.Object)'> (0x0000000088f58c10) 
thrown [s\open\src\hotspot\share\interpreter\linkResolver.cpp, line 759]
Event: 2.422 Thread 0x00000201a5ba2840 Exception <a 'java/lang/NoSuchMethodError'{0x0000000088fb82c8}: 'void java.lang.invoke.DirectMethodHandle$Holder.invokeVirtual(java.lang.Object, java.lang.Object, java.lang.Object, java.lang.Object)'> (0x0000000088fb82c8) 
thrown [s\open\src\hotspot\share\interpreter\linkResolver.cpp, line 759]
Event: 2.536 Thread 0x00000201a5ba2840 Exception <a 'java/lang/NoSuchMethodError'{0x0000000088d142b8}: 'void java.lang.invoke.DirectMethodHandle$Holder.invokeSpecial(java.lang.Object, java.lang.Object, java.lang.Object)'> (0x0000000088d142b8) 
thrown [s\open\src\hotspot\share\interpreter\linkResolver.cpp, line 759]
Event: 2.549 Thread 0x00000201a5ba2840 Exception <a 'java/lang/IncompatibleClassChangeError'{0x0000000088d709d8}: Found class java.lang.Object, but interface was expected> (0x0000000088d709d8) 
thrown [s\open\src\hotspot\share\interpreter\linkResolver.cpp, line 826]
Event: 2.567 Thread 0x00000201a5d20810 Exception <a 'java/lang/NoClassDefFoundError'{0x0000000088d56b50}: jakarta/validation/Validation> (0x0000000088d56b50) 
thrown [s\open\src\hotspot\share\classfile\systemDictionary.cpp, line 245]
Event: 3.362 Thread 0x00000201a5ba2840 Exception <a 'sun/nio/fs/WindowsException'{0x0000000088fdd2f0}> (0x0000000088fdd2f0) 
thrown [s\open\src\hotspot\share\prims\jni.cpp, line 516]
Event: 3.364 Thread 0x00000201a5ba2840 Exception <a 'java/lang/NoSuchMethodError'{0x0000000088fdeb78}: 'int java.lang.invoke.DirectMethodHandle$Holder.invokeSpecial(java.lang.Object, java.lang.Object, java.lang.Object, java.lang.Object, java.lang.Object)'> (0x0000000088fdeb78) 
thrown [s\open\src\hotspot\share\interpreter\linkResolver.cpp, line 759]
Event: 3.369 Thread 0x00000201a5ba2840 Exception <a 'java/lang/NoSuchMethodError'{0x0000000088fe77d8}: 'void java.lang.invoke.DirectMethodHandle$Holder.invokeVirtual(java.lang.Object, java.lang.Object)'> (0x0000000088fe77d8) 
thrown [s\open\src\hotspot\share\interpreter\linkResolver.cpp, line 759]
Event: 3.552 Thread 0x00000201a5d20810 Exception <a 'java/lang/NoSuchMethodError'{0x0000000088b91860}: 'long java.lang.invoke.DirectMethodHandle$Holder.invokeSpecial(java.lang.Object, java.lang.Object)'> (0x0000000088b91860) 
thrown [s\open\src\hotspot\share\interpreter\linkResolver.cpp, line 759]
Event: 3.567 Thread 0x00000201a5d20810 Exception <a 'java/lang/NoSuchMethodError'{0x0000000088b9c408}: 'long java.lang.invoke.DirectMethodHandle$Holder.invokeStatic(java.lang.Object, java.lang.Object)'> (0x0000000088b9c408) 
thrown [s\open\src\hotspot\share\interpreter\linkResolver.cpp, line 759]
Event: 3.569 Thread 0x00000201a5d20810 Exception <a 'java/lang/NoSuchMethodError'{0x0000000088b9f760}: 'long java.lang.invoke.DirectMethodHandle$Holder.invokeStaticInit(java.lang.Object, java.lang.Object)'> (0x0000000088b9f760) 
thrown [s\open\src\hotspot\share\interpreter\linkResolver.cpp, line 759]
Event: 3.575 Thread 0x00000201a5d20810 Exception <a 'java/lang/NoSuchMethodError'{0x0000000088bacfe0}: 'long java.lang.invoke.DirectMethodHandle$Holder.invokeInterface(java.lang.Object, java.lang.Object)'> (0x0000000088bacfe0) 
thrown [s\open\src\hotspot\share\interpreter\linkResolver.cpp, line 759]
Event: 3.576 Thread 0x00000201a5d20810 Exception <a 'java/lang/IncompatibleClassChangeError'{0x0000000088bb02c8}: Found class java.lang.Object, but interface was expected> (0x0000000088bb02c8) 
thrown [s\open\src\hotspot\share\interpreter\linkResolver.cpp, line 826]
Event: 3.590 Thread 0x00000201a5d20810 Exception <a 'java/lang/NoSuchMethodError'{0x0000000088bc7f58}: 'java.lang.Object java.lang.invoke.DirectMethodHandle$Holder.invokeVirtual(java.lang.Object, java.lang.Object, java.lang.Object, java.lang.Object)'> (0x0000000088bc7f58) 
thrown [s\open\src\hotspot\share\interpreter\linkResolver.cpp, line 759]
Event: 4.002 Thread 0x00000201a5ba2840 Exception <a 'java/lang/IncompatibleClassChangeError'{0x0000000087faa810}: Found class java.lang.Object, but interface was expected> (0x0000000087faa810) 
thrown [s\open\src\hotspot\share\interpreter\linkResolver.cpp, line 826]

VM Operations (20 events):
Event: 2.530 Executing VM operation: HandshakeAllThreads
Event: 2.530 Executing VM operation: HandshakeAllThreads done
Event: 2.531 Executing VM operation: HandshakeAllThreads
Event: 2.531 Executing VM operation: HandshakeAllThreads done
Event: 2.617 Executing VM operation: ICBufferFull
Event: 2.617 Executing VM operation: ICBufferFull done
Event: 2.834 Executing VM operation: G1CollectForAllocation
Event: 2.841 Executing VM operation: G1CollectForAllocation done
Event: 2.903 Executing VM operation: HandshakeAllThreads
Event: 2.904 Executing VM operation: HandshakeAllThreads done
Event: 3.112 Executing VM operation: HandshakeAllThreads
Event: 3.112 Executing VM operation: HandshakeAllThreads done
Event: 3.278 Executing VM operation: HandshakeAllThreads
Event: 3.291 Executing VM operation: HandshakeAllThreads done
Event: 3.682 Executing VM operation: HandshakeAllThreads
Event: 3.682 Executing VM operation: HandshakeAllThreads done
Event: 3.733 Executing VM operation: HandshakeAllThreads
Event: 3.733 Executing VM operation: HandshakeAllThreads done
Event: 4.203 Executing VM operation: ICBufferFull
Event: 4.203 Executing VM operation: ICBufferFull done

Events (20 events):
Event: 3.799 loading class javax/security/auth/callback/CallbackHandler done
Event: 3.812 loading class com/sun/security/sasl/Provider
Event: 3.812 loading class com/sun/security/sasl/Provider done
Event: 3.812 loading class com/sun/security/sasl/Provider$1
Event: 3.812 loading class com/sun/security/sasl/Provider$1 done
Event: 3.813 loading class com/sun/security/sasl/Provider$ProviderService
Event: 3.813 loading class com/sun/security/sasl/Provider$ProviderService done
Event: 3.813 loading class sun/security/provider/certpath/ldap/JdkLDAP
Event: 3.813 loading class sun/security/provider/certpath/ldap/JdkLDAP done
Event: 3.814 loading class sun/security/provider/certpath/ldap/JdkLDAP$ProviderService
Event: 3.814 loading class sun/security/provider/certpath/ldap/JdkLDAP$ProviderService done
Event: 3.820 Thread 0x00000201a5d20810 Thread exited: 0x00000201a5d20810
Event: 3.904 loading class javax/naming/ldap/LdapContext
Event: 3.904 loading class javax/naming/directory/DirContext
Event: 3.904 loading class javax/naming/directory/DirContext done
Event: 3.904 loading class javax/naming/ldap/LdapContext done
Event: 3.976 Thread 0x00000201a6cb9570 Thread exited: 0x00000201a6cb9570
Event: 4.562 Thread 0x00000201a5ca1d50 Thread exited: 0x00000201a5ca1d50
Event: 4.570 loading class java/beans/PropertyVetoException
Event: 4.570 loading class java/beans/PropertyVetoException done


Dynamic libraries:
0x00007ff678fb0000 - 0x00007ff678fc0000 	C:\Program Files\Java\jdk-17\bin\java.exe
0x00007ffebba10000 - 0x00007ffebbc08000 	C:\WINDOWS\SYSTEM32\ntdll.dll
0x00007ffebb490000 - 0x00007ffebb551000 	C:\WINDOWS\System32\KERNEL32.DLL
0x00007ffeb95f0000 - 0x00007ffeb98e6000 	C:\WINDOWS\System32\KERNELBASE.dll
0x00007ffeb9220000 - 0x00007ffeb9320000 	C:\WINDOWS\System32\ucrtbase.dll
0x00007ffeb56b0000 - 0x00007ffeb56cb000 	C:\Program Files\Java\jdk-17\bin\VCRUNTIME140.dll
0x00007ffeb5690000 - 0x00007ffeb56a9000 	C:\Program Files\Java\jdk-17\bin\jli.dll
0x00007ffebaf50000 - 0x00007ffebb000000 	C:\WINDOWS\System32\ADVAPI32.dll
0x00007ffebb3c0000 - 0x00007ffebb45e000 	C:\WINDOWS\System32\msvcrt.dll
0x00007ffeb9b60000 - 0x00007ffeb9c00000 	C:\WINDOWS\System32\sechost.dll
0x00007ffeba650000 - 0x00007ffeba773000 	C:\WINDOWS\System32\RPCRT4.dll
0x00007ffeb9990000 - 0x00007ffeb99b7000 	C:\WINDOWS\System32\bcrypt.dll
0x00007ffeb9da0000 - 0x00007ffeb9f3f000 	C:\WINDOWS\System32\USER32.dll
0x00007ffeb99c0000 - 0x00007ffeb99e2000 	C:\WINDOWS\System32\win32u.dll
0x00007ffebb460000 - 0x00007ffebb48b000 	C:\WINDOWS\System32\GDI32.dll
0x00007ffeb94d0000 - 0x00007ffeb95e7000 	C:\WINDOWS\System32\gdi32full.dll
0x00007ffeb98f0000 - 0x00007ffeb998d000 	C:\WINDOWS\System32\msvcp_win.dll
0x00007ffe9ffe0000 - 0x00007ffea027a000 	C:\WINDOWS\WinSxS\amd64_microsoft.windows.common-controls_6595b64144ccf1df_6.0.19041.4355_none_60b8b9eb71f62e16\COMCTL32.dll
0x00007ffeb22d0000 - 0x00007ffeb22da000 	C:\WINDOWS\SYSTEM32\VERSION.dll
0x00007ffeb9ad0000 - 0x00007ffeb9aff000 	C:\WINDOWS\System32\IMM32.DLL
0x00007ffeb6260000 - 0x00007ffeb626c000 	C:\Program Files\Java\jdk-17\bin\vcruntime140_1.dll
0x00007ffe9f950000 - 0x00007ffe9f9de000 	C:\Program Files\Java\jdk-17\bin\msvcp140.dll
0x00007ffe3ef90000 - 0x00007ffe3fb70000 	C:\Program Files\Java\jdk-17\bin\server\jvm.dll
0x00007ffeb9c00000 - 0x00007ffeb9c08000 	C:\WINDOWS\System32\PSAPI.DLL
0x00007ffe9e840000 - 0x00007ffe9e849000 	C:\WINDOWS\SYSTEM32\WSOCK32.dll
0x00007ffeb9c10000 - 0x00007ffeb9c7b000 	C:\WINDOWS\System32\WS2_32.dll
0x00007ffe9e7d0000 - 0x00007ffe9e7f7000 	C:\WINDOWS\SYSTEM32\WINMM.dll
0x00007ffeb6f40000 - 0x00007ffeb6f52000 	C:\WINDOWS\SYSTEM32\kernel.appcore.dll
0x00007ffeb5730000 - 0x00007ffeb573a000 	C:\Program Files\Java\jdk-17\bin\jimage.dll
0x00007ffeacfe0000 - 0x00007ffead1c4000 	C:\WINDOWS\SYSTEM32\DBGHELP.DLL
0x00007ffe9cb50000 - 0x00007ffe9cb84000 	C:\WINDOWS\SYSTEM32\dbgcore.DLL
0x00007ffeb9390000 - 0x00007ffeb9412000 	C:\WINDOWS\System32\bcryptPrimitives.dll
0x00007ffeb5630000 - 0x00007ffeb563e000 	C:\Program Files\Java\jdk-17\bin\instrument.dll
0x00007ffeb1890000 - 0x00007ffeb18b5000 	C:\Program Files\Java\jdk-17\bin\java.dll
0x00007ffe84270000 - 0x00007ffe84347000 	C:\Program Files\Java\jdk-17\bin\jsvml.dll
0x00007ffeba780000 - 0x00007ffebaeec000 	C:\WINDOWS\System32\SHELL32.dll
0x00007ffeb7140000 - 0x00007ffeb78de000 	C:\WINDOWS\SYSTEM32\windows.storage.dll
0x00007ffeba2f0000 - 0x00007ffeba643000 	C:\WINDOWS\System32\combase.dll
0x00007ffeb8a70000 - 0x00007ffeb8a9e000 	C:\WINDOWS\SYSTEM32\Wldp.dll
0x00007ffebb1b0000 - 0x00007ffebb27d000 	C:\WINDOWS\System32\OLEAUT32.dll
0x00007ffebb280000 - 0x00007ffebb32d000 	C:\WINDOWS\System32\SHCORE.dll
0x00007ffeb9a40000 - 0x00007ffeb9a95000 	C:\WINDOWS\System32\shlwapi.dll
0x00007ffeb8ff0000 - 0x00007ffeb9014000 	C:\WINDOWS\SYSTEM32\profapi.dll
0x00007ffea22e0000 - 0x00007ffea22f8000 	C:\Program Files\Java\jdk-17\bin\zip.dll
0x00007ffea22c0000 - 0x00007ffea22d9000 	C:\Program Files\Java\jdk-17\bin\net.dll
0x00007ffeb3ef0000 - 0x00007ffeb3ffa000 	C:\WINDOWS\SYSTEM32\WINHTTP.dll
0x00007ffeb87d0000 - 0x00007ffeb883a000 	C:\WINDOWS\system32\mswsock.dll
0x00007ffea21f0000 - 0x00007ffea2206000 	C:\Program Files\Java\jdk-17\bin\nio.dll
0x00007ffea2300000 - 0x00007ffea231a000 	D:\IntelliJ IDEA Community Edition 2023.3.6\bin\breakgen64.dll
0x00007ffeb5620000 - 0x00007ffeb562a000 	C:\Program Files\Java\jdk-17\bin\management.dll
0x00007ffeb4100000 - 0x00007ffeb410b000 	C:\Program Files\Java\jdk-17\bin\management_ext.dll
0x00007ffeb40e0000 - 0x00007ffeb40ee000 	C:\Program Files\Java\jdk-17\bin\sunmscapi.dll
0x00007ffeb90c0000 - 0x00007ffeb921e000 	C:\WINDOWS\System32\CRYPT32.dll
0x00007ffeb8ae0000 - 0x00007ffeb8b09000 	C:\WINDOWS\SYSTEM32\ncrypt.dll
0x00007ffeb8aa0000 - 0x00007ffeb8adb000 	C:\WINDOWS\SYSTEM32\NTASN1.dll

dbghelp: loaded successfully - version: 4.0.5 - missing functions: none
symbol engine: initialized successfully - sym options: 0x614 - pdb path: .;C:\Program Files\Java\jdk-17\bin;C:\WINDOWS\SYSTEM32;C:\WINDOWS\WinSxS\amd64_microsoft.windows.common-controls_6595b64144ccf1df_6.0.19041.4355_none_60b8b9eb71f62e16;C:\Program Files\Java\jdk-17\bin\server;D:\IntelliJ IDEA Community Edition 2023.3.6\bin

VM Arguments:
jvm_args: -javaagent:D:\IntelliJ IDEA Community Edition 2023.3.6\lib\idea_rt.jar=58580:D:\IntelliJ IDEA Community Edition 2023.3.6\bin -Dfile.encoding=UTF-8 
java_command: com.example.redalback.RedalbackApplication
java_class_path (initial): C:\Users\hp pc\Downloads\redalback\target\classes;C:\Users\hp pc\.m2\repository\org\springframework\boot\spring-boot-starter-data-jpa\3.3.0\spring-boot-starter-data-jpa-3.3.0.jar;C:\Users\hp pc\.m2\repository\org\springframework\boot\spring-boot-starter-aop\3.3.0\spring-boot-starter-aop-3.3.0.jar;C:\Users\hp pc\.m2\repository\org\springframework\spring-aop\6.1.8\spring-aop-6.1.8.jar;C:\Users\hp pc\.m2\repository\org\aspectj\aspectjweaver\1.9.22\aspectjweaver-1.9.22.jar;C:\Users\hp pc\.m2\repository\org\springframework\boot\spring-boot-starter-jdbc\3.3.0\spring-boot-starter-jdbc-3.3.0.jar;C:\Users\hp pc\.m2\repository\com\zaxxer\HikariCP\5.1.0\HikariCP-5.1.0.jar;C:\Users\hp pc\.m2\repository\org\springframework\spring-jdbc\6.1.8\spring-jdbc-6.1.8.jar;C:\Users\hp pc\.m2\repository\org\springframework\data\spring-data-jpa\3.3.0\spring-data-jpa-3.3.0.jar;C:\Users\hp pc\.m2\repository\org\springframework\data\spring-data-commons\3.3.0\spring-data-commons-3.3.0.jar;C:\Users\hp pc\.m2\repository\org\springframework\spring-orm\6.1.8\spring-orm-6.1.8.jar;C:\Users\hp pc\.m2\repository\org\springframework\spring-context\6.1.8\spring-context-6.1.8.jar;C:\Users\hp pc\.m2\repository\org\springframework\spring-tx\6.1.8\spring-tx-6.1.8.jar;C:\Users\hp pc\.m2\repository\org\springframework\spring-beans\6.1.8\spring-beans-6.1.8.jar;C:\Users\hp pc\.m2\repository\jakarta\annotation\jakarta.annotation-api\2.1.1\jakarta.annotation-api-2.1.1.jar;C:\Users\hp pc\.m2\repository\org\springframework\spring-aspects\6.1.8\spring-aspects-6.1.8.jar;C:\Users\hp pc\.m2\repository\org\springframework\boot\spring-boot-starter-web\3.3.0\spring-boot-starter-web-3.3.0.jar;C:\Users\hp pc\.m2\repository\org\springframework\boot\spring-boot-starter\3.3.0\spring-boot-starter-3.3.0.jar;C:\Users\hp pc\.m2\repository\org\springframework\boot\spring-boot-starter-logging\3.3.0\spring-boot-starter-logging-3.3.0.jar;C:\Users\hp pc\.m2\repository\ch\qos\logback\logback-classic\1.5.6\logb
Launcher Type: SUN_STANDARD

[Global flags]
     intx CICompilerCount                          = 3                                         {product} {ergonomic}
     uint ConcGCThreads                            = 1                                         {product} {ergonomic}
     uint G1ConcRefinementThreads                  = 4                                         {product} {ergonomic}
   size_t G1HeapRegionSize                         = 1048576                                   {product} {ergonomic}
    uintx GCDrainStackTargetSize                   = 64                                        {product} {ergonomic}
   size_t InitialHeapSize                          = 134217728                                 {product} {ergonomic}
   size_t MarkStackSize                            = 4194304                                   {product} {ergonomic}
   size_t MaxHeapSize                              = 2118123520                                {product} {ergonomic}
   size_t MaxNewSize                               = 1270874112                                {product} {ergonomic}
   size_t MinHeapDeltaBytes                        = 1048576                                   {product} {ergonomic}
   size_t MinHeapSize                              = 8388608                                   {product} {ergonomic}
    uintx NonNMethodCodeHeapSize                   = 5832780                                {pd product} {ergonomic}
    uintx NonProfiledCodeHeapSize                  = 122912730                              {pd product} {ergonomic}
    uintx ProfiledCodeHeapSize                     = 122912730                              {pd product} {ergonomic}
    uintx ReservedCodeCacheSize                    = 251658240                              {pd product} {ergonomic}
     bool SegmentedCodeCache                       = true                                      {product} {ergonomic}
   size_t SoftMaxHeapSize                          = 2118123520                             {manageable} {ergonomic}
     bool UseCompressedClassPointers               = true                           {product lp64_product} {ergonomic}
     bool UseCompressedOops                        = true                           {product lp64_product} {ergonomic}
     bool UseG1GC                                  = true                                      {product} {ergonomic}
     bool UseLargePagesIndividualAllocation        = false                                  {pd product} {ergonomic}

Logging:
Log output configuration:
 #0: stdout all=warning uptime,level,tags
 #1: stderr all=off uptime,level,tags

Environment Variables:
JAVA_HOME=C:\Program Files\Eclipse Adoptium\jre-17.0.8.7-hotspot
PATH=C:\Python312\Scripts\;C:\Python312\;C:\Program Files\Common Files\Oracle\Java\javapath;C:\Users\hp pc\AppData\Local\Programs\Scripts\;C:\Users\hp pc\AppData\Local\Programs\;C:\Program Files\Eclipse Adoptium\jre-8.0.382.5-hotspot\bin;C:\Program Files\Eclipse Adoptium\jre-17.0.8.7-hotspot\bin;C:\Program Files\Eclipse Adoptium\jre-11.0.20.8-hotspot\bin;C:\Program Files (x86)\Eclipse Adoptium\jre-8.0.382.5-hotspot\bin;C:\WINDOWS\system32;C:\WINDOWS;C:\WINDOWS\System32\Wbem;C:\WINDOWS\System32\WindowsPowerShell\v1.0\;C:\WINDOWS\System32\OpenSSH\;C:\Program Files (x86)\dotnet\;C:\Program Files\dotnet\;C:\Users\hp pc\AppData\Local\Programs;C:\Users\hp pc\AppData\Local\Programs\Scripts;D:\curses\mingw64\bin;C:\Program Files (x86)\Windows Kits\10\Windows Performance Toolkit\;C:\Program Files\Microsoft SQL Server\150\Tools\Binn\;C:\Program Files\Microsoft SQL Server\Client SDK\ODBC\170\Tools\Binn\;C:\ProgramData\chocolatey\bin;D:\;D:\Git\cmd;D:\Git\bin;C:\Users\hp pc\AppData\Local\Microsoft\WindowsApps;C:\Program Files\JetBrains\PyCharm Community Edition 2023.2.1\bin;;C:\Users\hp pc\AppData\Local\Programs;C:\Users\hp pc\OneDrive\Bureau\Technique_de_programation\MinGW\bin;C:\Program Files\CodeBlocks\MinGW\bin;C:\Users\hp pc\AppData\Local\Programs\Microsoft VS Code\bin;D:\IntelliJ IDEA Community Edition 2023.3.6\bin;;C:\Users\hp pc\.dotnet\tools;C:\Users\hp pc\AppData\Roaming\npm
USERNAME=hp pc
OS=Windows_NT
PROCESSOR_IDENTIFIER=Intel64 Family 6 Model 78 Stepping 3, GenuineIntel



---------------  S Y S T E M  ---------------

OS:
 Windows 10 , 64 bit Build 19041 (10.0.19041.4597)
OS uptime: 0 days 12:28 hours

CPU: total 4 (initial active 4) (2 cores per cpu, 2 threads per core) family 6 model 78 stepping 3 microcode 0xcc, cx8, cmov, fxsr, ht, mmx, 3dnowpref, sse, sse2, sse3, ssse3, sse4.1, sse4.2, popcnt, lzcnt, tsc, tscinvbit, avx, avx2, aes, erms, clmul, bmi1, bmi2, adx, fma, vzeroupper, clflush, clflushopt

Memory: 4k page, system-wide physical 8072M (627M free)
TotalPageFile size 14062M (AvailPageFile size 4M)
current process WorkingSet (physical memory assigned to process): 135M, peak: 135M
current process commit charge ("private bytes"): 253M, peak: 254M

vm_info: Java HotSpot(TM) 64-Bit Server VM (17.0.11+7-LTS-207) for windows-amd64 JRE (17.0.11+7-LTS-207), built on Mar 11 2024 19:01:50 by "mach5one" with MS VC++ 17.6 (VS2022)

END.
